<?xml version="1.0" encoding="UTF-8"?>
<!-- Generated by org.testng.reporters.JUnitReportReporter -->
<testsuite hostname="RAMYANI-DUTTA" failures="0" tests="1" name="TestClass$TestC" time="0.085" errors="0" timestamp="2024-02-29T12:46:01 IST" skipped="0">
  <testcase classname="TestClass$TestC" name="RunTestForDevOps" time="0.085"/>
  <system-out/>
</testsuite> <!-- TestClass$TestC -->
