<?xml version="1.0" encoding="UTF-8"?>
<!-- Generated by org.testng.reporters.JUnitReportReporter -->
<testsuite hostname="RAMYANI-DUTTA" failures="0" tests="1" name="TestClass$TestC" time="0.093" errors="0" timestamp="2024-02-29T17:26:37 IST" skipped="0">
  <testcase classname="TestClass$TestC" name="RunTestForDevOps" time="0.093"/>
  <system-out/>
</testsuite> <!-- TestClass$TestC -->
